EDA Netlist Writer report for Doodle_Jump
Fri Apr 15 21:35:38 2022
Quartus Prime Version 18.1.0 Build 625 09/12/2018 SJ Lite Edition


---------------------
; Table of Contents ;
---------------------
  1. Legal Notice
  2. EDA Netlist Writer Summary
  3. Simulation Settings
  4. Simulation Generated Files
  5. EDA Netlist Writer Messages



----------------
; Legal Notice ;
----------------
Copyright (C) 2018  Intel Corporation. All rights reserved.
Your use of Intel Corporation's design tools, logic functions 
and other software and tools, and its AMPP partner logic 
functions, and any output files from any of the foregoing 
(including device programming or simulation files), and any 
associated documentation or information are expressly subject 
to the terms and conditions of the Intel Program License 
Subscription Agreement, the Intel Quartus Prime License Agreement,
the Intel FPGA IP License Agreement, or other applicable license
agreement, including, without limitation, that your use is for
the sole purpose of programming logic devices manufactured by
Intel and sold by Intel or its authorized distributors.  Please
refer to the applicable agreement for further details.



+-------------------------------------------------------------------+
; EDA Netlist Writer Summary                                        ;
+---------------------------+---------------------------------------+
; EDA Netlist Writer Status ; Successful - Fri Apr 15 21:35:38 2022 ;
; Revision Name             ; Doodle_Jump                           ;
; Top-level Entity Name     ; doodlejump                            ;
; Family                    ; MAX 10                                ;
; Simulation Files Creation ; Successful                            ;
+---------------------------+---------------------------------------+


+------------------------------------------------------------------------------------------------------------------------------+
; Simulation Settings                                                                                                          ;
+---------------------------------------------------------------------------------------------------+--------------------------+
; Option                                                                                            ; Setting                  ;
+---------------------------------------------------------------------------------------------------+--------------------------+
; Tool Name                                                                                         ; ModelSim (SystemVerilog) ;
; Generate functional simulation netlist                                                            ; Off                      ;
; Time scale                                                                                        ; 1 ps                     ;
; Truncate long hierarchy paths                                                                     ; Off                      ;
; Map illegal HDL characters                                                                        ; Off                      ;
; Flatten buses into individual nodes                                                               ; Off                      ;
; Maintain hierarchy                                                                                ; Off                      ;
; Bring out device-wide set/reset signals as ports                                                  ; Off                      ;
; Enable glitch filtering                                                                           ; Off                      ;
; Do not write top level VHDL entity                                                                ; Off                      ;
; Disable detection of setup and hold time violations in the input registers of bi-directional pins ; Off                      ;
; Architecture name in VHDL output netlist                                                          ; structure                ;
; Generate third-party EDA tool command script for RTL functional simulation                        ; Off                      ;
; Generate third-party EDA tool command script for gate-level simulation                            ; Off                      ;
+---------------------------------------------------------------------------------------------------+--------------------------+


+-------------------------------------------------------------------------+
; Simulation Generated Files                                              ;
+-------------------------------------------------------------------------+
; Generated Files                                                         ;
+-------------------------------------------------------------------------+
; G:/My Drive/385/ece385_finalproject/simulation/modelsim/Doodle_Jump.svo ;
+-------------------------------------------------------------------------+


+-----------------------------+
; EDA Netlist Writer Messages ;
+-----------------------------+
Info: *******************************************************************
Info: Running Quartus Prime EDA Netlist Writer
    Info: Version 18.1.0 Build 625 09/12/2018 SJ Lite Edition
    Info: Processing started: Fri Apr 15 21:35:34 2022
Info: Command: quartus_eda --read_settings_files=off --write_settings_files=off Doodle_Jump -c Doodle_Jump
Warning (10905): Generated the EDA functional simulation netlist because it is the only supported netlist type for this device.
Info (204019): Generated file Doodle_Jump.svo in folder "G:/My Drive/385/ece385_finalproject/simulation/modelsim/" for EDA simulation tool
Info: Quartus Prime EDA Netlist Writer was successful. 0 errors, 1 warning
    Info: Peak virtual memory: 4727 megabytes
    Info: Processing ended: Fri Apr 15 21:35:38 2022
    Info: Elapsed time: 00:00:04
    Info: Total CPU time (on all processors): 00:00:02


